<?xml version="1.0" encoding="UTF-8"?>
<!-- Generated by org.testng.reporters.JUnitReportReporter -->
<testsuite hostname="LAPYPRINCE" failures="0" tests="1" name="frametest.maintest" time="0.145" errors="0" timestamp="2024-09-19T14:11:43 IST" skipped="0">
  <testcase classname="frametest.maintest" name="test1" time="0.145"/>
</testsuite> <!-- frametest.maintest -->
